
> smart-meeting-room-scheduler@1.0.0 start:dev
> ts-node-dev --respawn --transpile-only src/server.ts

[INFO] 10:44:07 ts-node-dev ver. 2.0.0 (using ts-node ver. 10.9.1, typescript ver. 5.2.2)
DATABASE_URL: mongodb+srv://room:WAfLiF99eIXu3J1H@cluster0.8xt7mlc.mongodb.net/room?retryWrites=true&w=majority&appName=Cluster0 5005
📚 Swagger documentation available at http://localhost:5000/api-docs
ℹ️  Admin user already exists: rakib@gmail.com
[CRON] Auto-release job scheduled (runs every 2 minutes)
[CRON] Running initial auto-release check...
App is listening on port 5005
[CRON] Running auto-release check...
[CRON] Running auto-release check...
[CRON] Running auto-release check...
[CRON] Running auto-release check...
[CRON] Running auto-release check...
[CRON] Running auto-release check...
[CRON] Running auto-release check...
[CRON] Running auto-release check...
[CRON] Running auto-release check...
[CRON] Running auto-release check...
[CRON] Running auto-release check...
[CRON] Running auto-release check...
[CRON] Running auto-release check...
[CRON] Running auto-release check...
[CRON] Running auto-release check...
undefined
[CRON] Running auto-release check...
[CRON] Running auto-release check...
[INFO] 11:19:24 Restarting: /home/rakib/Documents/Room Scheduler/Smart Meeting Room Scheduler/src/app/services/autoRelease.service.ts has been modified
DATABASE_URL: mongodb+srv://room:WAfLiF99eIXu3J1H@cluster0.8xt7mlc.mongodb.net/room?retryWrites=true&w=majority&appName=Cluster0 5005
📚 Swagger documentation available at http://localhost:5000/api-docs
ℹ️  Admin user already exists: rakib@gmail.com
[CRON] Auto-release job scheduled (runs every 2 minutes)
[CRON] Running initial auto-release check...
😈 uncaughtException is detected , shutting down ...
[ERROR] 11:19:28 Error: listen EADDRINUSE: address already in use :::5005
[INFO] 11:19:30 Restarting: /home/rakib/Documents/Room Scheduler/Smart Meeting Room Scheduler/src/app/services/autoRelease.service.ts has been modified
DATABASE_URL: mongodb+srv://room:WAfLiF99eIXu3J1H@cluster0.8xt7mlc.mongodb.net/room?retryWrites=true&w=majority&appName=Cluster0 5005
📚 Swagger documentation available at http://localhost:5000/api-docs
ℹ️  Admin user already exists: rakib@gmail.com
[CRON] Auto-release job scheduled (runs every 2 minutes)
[CRON] Running initial auto-release check...
App is listening on port 5005
[CRON] Running auto-release check...
